"../../../../../../Users/pulls/Documents/Unreal Projects/DeadWhispers/Content/Sounds/ClassAndMix/SC_Music.uasset" 0
"../../../../../../Users/pulls/Documents/Unreal Projects/DeadWhispers/Content/Sounds/ClassAndMix/SC_SoundMix.uasset" 1
"../../../../../../Users/pulls/Documents/Unreal Projects/DeadWhispers/Content/Sounds/ClassAndMix/SC_Master.uasset" 2
"../../../../../../Users/pulls/Documents/Unreal Projects/DeadWhispers/Content/Sounds/ClassAndMix/SC_SFX.uasset" 3
"../../../../../../Users/pulls/Documents/Unreal Projects/DeadWhispers/Content/Sounds/Foley/Soil/zapsplat_foley_footstep_single_stoney_path_001_23277.uasset" 4
"../../../../../../Users/pulls/Documents/Unreal Projects/DeadWhispers/Content/Sounds/Foley/Soil/zapsplat_foley_footstep_single_stoney_path_002_23278.uasset" 5
"../../../../../../Users/pulls/Documents/Unreal Projects/DeadWhispers/Content/Sounds/Foley/Soil/zapsplat_foley_footstep_single_stoney_path_003_23279.uasset" 6
"../../../../../../Users/pulls/Documents/Unreal Projects/DeadWhispers/Content/Sounds/Foley/Soil/zapsplat_foley_footstep_single_stoney_path_004_23280.uasset" 7
"../../../../../../Users/pulls/Documents/Unreal Projects/DeadWhispers/Content/Sounds/Foley/Soil/zapsplat_foley_footstep_single_stoney_path_005_23281.uasset" 8
"../../../../../../Users/pulls/Documents/Unreal Projects/DeadWhispers/Content/Sounds/Foley/Soil/zapsplat_foley_footstep_single_stoney_path_006_23282.uasset" 9
"../../../../../../Users/pulls/Documents/Unreal Projects/DeadWhispers/Content/Sounds/Foley/Soil/zapsplat_foley_footstep_single_stoney_path_007_23283.uasset" 10
"../../../../../../Users/pulls/Documents/Unreal Projects/DeadWhispers/Content/Sounds/Foley/Soil/zapsplat_foley_footstep_single_stoney_path_008_23284.uasset" 11
"../../../../../../Users/pulls/Documents/Unreal Projects/DeadWhispers/Content/Sounds/Foley/Soil/zapsplat_foley_footstep_single_stoney_path_009_23285.uasset" 12
"../../../../../../Users/pulls/Documents/Unreal Projects/DeadWhispers/Content/Sounds/Foley/Soil/zapsplat_foley_footstep_single_stoney_path_010_23286.uasset" 13
"../../../../../../Users/pulls/Documents/Unreal Projects/DeadWhispers/Content/Sounds/Foley/Soil/zapsplat_foley_footstep_single_stoney_path_011_23287.uasset" 14
"../../../../../../Users/pulls/Documents/Unreal Projects/DeadWhispers/Content/Sounds/Foley/Soil/zapsplat_foley_footstep_single_stoney_path_012_23288.uasset" 15
"../../../../../../Users/pulls/Documents/Unreal Projects/DeadWhispers/Content/Sounds/Foley/Soil/zapsplat_foley_footstep_single_stoney_path_013_23289.uasset" 16
"../../../../../../Users/pulls/Documents/Unreal Projects/DeadWhispers/Content/Sounds/Foley/Soil/zapsplat_foley_footstep_single_stoney_path_014_23290.uasset" 17
"../../../../../../Users/pulls/Documents/Unreal Projects/DeadWhispers/Content/Sounds/Foley/Soil/zapsplat_foley_footstep_single_stoney_path_015_23291.uasset" 18
"../../../../../../Users/pulls/Documents/Unreal Projects/DeadWhispers/Content/Sounds/Foley/Soil/zapsplat_foley_footstep_single_stoney_path_016_23292.uasset" 19
"../../../../../../Users/pulls/Documents/Unreal Projects/DeadWhispers/Content/Sounds/Foley/Soil/zapsplat_foley_footstep_single_stoney_path_017_23293.uasset" 20
"../../../../../../Users/pulls/Documents/Unreal Projects/DeadWhispers/Content/Sounds/Foley/Soil/zapsplat_foley_footstep_single_stoney_path_019_23295.uasset" 21
"../../../../../../Users/pulls/Documents/Unreal Projects/DeadWhispers/Content/Sounds/Foley/Soil/zapsplat_foley_footstep_single_stoney_path_020_23296.uasset" 22
"../../../../../../Users/pulls/Documents/Unreal Projects/DeadWhispers/Content/Sounds/Foley/Stone/Yurume__Step_Stone_01.uasset" 23
"../../../../../../Users/pulls/Documents/Unreal Projects/DeadWhispers/Content/Sounds/Foley/Stone/Yurume__Step_Stone_02.uasset" 24
"../../../../../../Users/pulls/Documents/Unreal Projects/DeadWhispers/Content/Sounds/Foley/Stone/Yurume__Step_Stone_03.uasset" 25
"../../../../../../Users/pulls/Documents/Unreal Projects/DeadWhispers/Content/Sounds/Foley/Stone/Yurume__Step_Stone_04.uasset" 26
"../../../../../../Users/pulls/Documents/Unreal Projects/DeadWhispers/Content/Sounds/Foley/Stone/Yurume__Step_Stone_05.uasset" 27
"../../../../../../Users/pulls/Documents/Unreal Projects/DeadWhispers/Content/Sounds/Foley/Stone/Yurume__Step_Stone_06.uasset" 28
"../../../../../../Users/pulls/Documents/Unreal Projects/DeadWhispers/Content/Sounds/Foley/Stone/Yurume__Step_Stone_07.uasset" 29
"../../../../../../Users/pulls/Documents/Unreal Projects/DeadWhispers/Content/Sounds/Foley/Stone/Yurume__Step_Stone_08.uasset" 30
"../../../../../../Users/pulls/Documents/Unreal Projects/DeadWhispers/Content/Sounds/Foley/Stone/Yurume__Step_Stone_09.uasset" 31
"../../../../../../Users/pulls/Documents/Unreal Projects/DeadWhispers/Content/Sounds/Foley/Stone/Yurume__Step_Stone_10.uasset" 32
"../../../../../../Users/pulls/Documents/Unreal Projects/DeadWhispers/Content/Sounds/Foley/Stone/Yurume__Step_Stone_11.uasset" 33
"../../../../../../Users/pulls/Documents/Unreal Projects/DeadWhispers/Content/Sounds/Foley/Stone/Yurume__Step_Stone_12.uasset" 34
"../../../../../../Users/pulls/Documents/Unreal Projects/DeadWhispers/Content/Sounds/Foley/Stone/Yurume__Step_Stone_13.uasset" 35
"../../../../../../Users/pulls/Documents/Unreal Projects/DeadWhispers/Content/Sounds/Foley/Stone/Yurume__Step_Stone_14.uasset" 36
"../../../../../../Users/pulls/Documents/Unreal Projects/DeadWhispers/Content/Sounds/Foley/Stone/Yurume__Step_Stone_15.uasset" 37
"../../../../../../Users/pulls/Documents/Unreal Projects/DeadWhispers/Content/Sounds/Foley/Stone/Yurume__Step_Stone_16.uasset" 38
"../../../../../../Users/pulls/Documents/Unreal Projects/DeadWhispers/Content/Sounds/Foley/Stone/Yurume__Step_Stone_17.uasset" 39
"../../../../../../Users/pulls/Documents/Unreal Projects/DeadWhispers/Content/Sounds/Foley/Stone/Yurume__Step_Stone_18.uasset" 40
"../../../Engine/Content/Animation/DefaultAnimCurveCompressionSettings.uasset" 41
"../../../Engine/Content/Functions/Engine_MaterialFunctions01/Opacity/CameraDepthFade.uasset" 42
"../../../Engine/Content/EngineMaterials/T_Default_Material_Grid_M.uasset" 43
"../../../Engine/Content/EngineMaterials/T_Default_Material_Grid_N.uasset" 44
"../../../Engine/Content/EngineMaterials/WorldGridMaterial.uasset" 45
"../../../Engine/Content/ArtTools/RenderToTexture/Meshes/S_1_Unit_Plane.uasset" 46
"../../../Engine/Content/EngineMaterials/DefaultMaterial.uasset" 47
"../../../Engine/Content/BasicShapes/Cone.uasset" 48
"../../../Engine/Content/BasicShapes/Cube.uasset" 49
"../../../Engine/Content/BasicShapes/Cylinder.uasset" 50
"../../../Engine/Content/BasicShapes/Plane.uasset" 51
"../../../Engine/Content/BasicShapes/Sphere.uasset" 52
"../../../Engine/Content/EditorLandscapeResources/DataLayer.uasset" 53
"../../../Engine/Content/EditorMaterials/MAT_Groups_Toggle.uasset" 54
"../../../Engine/Content/EditorMaterials/MAT_Groups_Visibility.uasset" 55
"../../../Engine/Content/EditorMaterials/PreviewShadowIndicator.uasset" 56
"../../../Engine/Content/EditorMaterials/PreviewShadowIndicatorMaterial.uasset" 57
"../../../Engine/Content/EditorMaterials/MatineeGroups/MAT_ColorTrack.uasset" 58
"../../../Engine/Content/EditorMaterials/MatineeGroups/MAT_Groups_Anim.uasset" 59
"../../../Engine/Content/EditorMaterials/MatineeGroups/MAT_Groups_AudioMaster.uasset" 60
"../../../Engine/Content/EditorMaterials/MatineeGroups/MAT_Groups_Director.uasset" 61
"../../../Engine/Content/EditorMaterials/MatineeGroups/MAT_Groups_Event.uasset" 62
"../../../Engine/Content/EditorMaterials/MatineeGroups/MAT_Groups_Fade.uasset" 63
"../../../Engine/Content/EditorMaterials/MatineeGroups/MAT_Groups_Float.uasset" 64
"../../../Engine/Content/EditorMaterials/MatineeGroups/MAT_Groups_Move.uasset" 65
"../../../Engine/Content/EditorMaterials/MatineeGroups/MAT_Groups_Slomo.uasset" 66
"../../../Engine/Content/EditorMaterials/MatineeGroups/MAT_Groups_Sound.uasset" 67
"../../../Engine/Content/EditorMaterials/MatineeGroups/MAT_Groups_Vector.uasset" 68
"../../../Engine/Content/EditorMaterials/ParticleSystems/PSysThumbnail_NoImage.uasset" 69
"../../../Engine/Content/EditorMaterials/ParticleSystems/PSysThumbnail_OOD.uasset" 70
"../../../Engine/Content/EditorMaterials/Camera/CineMat.uasset" 71
"../../../Engine/Content/EditorMaterials/Camera/MI_CineMat_Rig.uasset" 72
"../../../Engine/Content/EditorMeshes/Camera/SM_CraneRig_Arm.uasset" 73
"../../../Engine/Content/EditorMeshes/Camera/SM_CraneRig_Base.uasset" 74
"../../../Engine/Content/EditorMeshes/Camera/SM_CraneRig_Body.uasset" 75
"../../../Engine/Content/EditorMeshes/Camera/SM_CraneRig_Mount.uasset" 76
"../../../Engine/Content/EditorMeshes/Camera/SM_RailRig_Mount.uasset" 77
"../../../Engine/Content/EditorMeshes/Camera/SM_RailRig_Track.uasset" 78
"../../../Engine/Content/EditorResources/BSPVertex.uasset" 79
"../../../Engine/Content/EditorResources/EmptyActor.uasset" 80
"../../../Engine/Content/EditorResources/S_Actor.uasset" 81
"../../../Engine/Content/EditorResources/S_Note.uasset" 82
"../../../Engine/Content/EditorResources/S_Solver.uasset" 83
"../../../Engine/Content/EditorResources/S_Trigger.uasset" 84
"../../../Engine/Content/EditorResources/AudioIcons/S_AudioComponent.uasset" 85
"../../../Engine/Content/EditorResources/SequenceRecorder/Countdown.uasset" 86
"../../../Engine/Content/EditorResources/SequenceRecorder/RecordingIndicator.uasset" 87
"../../../Engine/Content/EditorSounds/Notifications/CompileFailed.uasset" 88
"../../../Engine/Content/EditorSounds/Notifications/CompileFailed_Cue.uasset" 89
"../../../Engine/Content/EditorSounds/Notifications/CompileSuccess.uasset" 90
"../../../Engine/Content/EditorSounds/Notifications/CompileStart_Cue.uasset" 91
"../../../Engine/Content/EditorSounds/Notifications/CompileSuccess_Cue.uasset" 92
"../../../Engine/Content/EngineDamageTypes/DmgTypeBP_Environmental.uasset" 93
"../../../Engine/Content/EngineDebugMaterials/DebugEditorMaterial.uasset" 94
"../../../Engine/Content/EngineDebugMaterials/DebugMeshMaterial.uasset" 95
"../../../Engine/Content/EngineDebugMaterials/M_SimpleUnlitTranslucent.uasset" 96
"../../../Engine/Content/Functions/Engine_MaterialFunctions02/Utility/CameraDirectionVector.uasset" 97
"../../../Engine/Content/EngineDebugMaterials/VolumeToRender.uasset" 98
"../../../Engine/Content/EngineDebugMaterials/M_VolumeRenderSphereTracePP.uasset" 99
"../../../Engine/Content/EngineDebugMaterials/WireframeMaterial.uasset" 100
"../../../Engine/Content/EngineFonts/Faces/DroidSansFallback.uasset" 101
"../../../Engine/Content/EngineFonts/Faces/RobotoBold.uasset" 102
"../../../Engine/Content/EngineFonts/Faces/RobotoBoldItalic.uasset" 103
"../../../Engine/Content/EngineFonts/Faces/RobotoItalic.uasset" 104
"../../../Engine/Content/EngineFonts/Faces/RobotoLight.uasset" 105
"../../../Engine/Content/EngineFonts/Faces/RobotoRegular.uasset" 106
"../../../Engine/Content/EngineFonts/Roboto.uasset" 107
"../../../Engine/Content/EngineMaterials/BaseFlattenDiffuseMap.uasset" 108
"../../../Engine/Content/EngineMaterials/BaseFlattenEmissiveMap.uasset" 109
"../../../Engine/Content/EngineMaterials/BaseFlattenGrayscaleMap.uasset" 110
"../../../Engine/Content/EngineMaterials/BaseFlattenNormalMap.uasset" 111
"../../../Engine/Content/EngineMaterials/BaseFlattenMaterial.uasset" 112
"../../../Engine/Content/EngineMaterials/BlueNoise.uasset" 113
"../../../Engine/Content/EngineMaterials/DefaultBloomKernel.uasset" 114
"../../../Engine/Content/EngineMaterials/DefaultBokeh.uasset" 115
"../../../Engine/Content/EngineMaterials/DefaultDiffuse.uasset" 116
"../../../Engine/Content/EngineMaterials/DefaultDeferredDecalMaterial.uasset" 117
"../../../Engine/Content/EngineMaterials/DefaultLightFunctionMaterial.uasset" 118
"../../../Engine/Content/EngineMaterials/DefaultPhysicalMaterial.uasset" 119
"../../../Engine/Content/Functions/Engine_MaterialFunctions02/Utility/BreakOutFloat2Components.uasset" 120
"../../../Engine/Content/EngineMaterials/DefaultPostProcessMaterial.uasset" 121
"../../../Engine/Content/EngineFonts/RobotoDistanceField.uasset" 122
"../../../Engine/Content/EngineMaterials/DefaultTextMaterialOpaque.uasset" 123
"../../../Engine/Content/EngineMaterials/DefaultWhiteGrid.uasset" 124
"../../../Engine/Content/EngineMaterials/DefaultWhiteGrid_Low.uasset" 125
"../../../Engine/Content/EngineMaterials/EmissiveMeshMaterial.uasset" 126
"../../../Engine/Content/EngineMaterials/GizmoMaterial.uasset" 127
"../../../Engine/Content/EngineMaterials/MiniFont.uasset" 128
"../../../Engine/Content/EngineMaterials/InvalidLightmapSettings.uasset" 129
"../../../Engine/Content/EngineMaterials/M_InvalidLightmapSettings.uasset" 130
"../../../Engine/Content/Functions/Engine_MaterialFunctions02/WorldPositionOffset/CameraOffset.uasset" 131
"../../../Engine/Content/EngineMaterials/PhAT_JointLimitMaterial.uasset" 132
"../../../Engine/Content/EngineMaterials/PreintegratedSkinBRDF.uasset" 133
"../../../Engine/Content/EngineMaterials/RemoveSurfaceMaterial.uasset" 134
"../../../Engine/Content/EngineResources/WhiteSquareTexture.uasset" 135
"../../../Engine/Content/EngineMaterials/Widget3DPassThrough.uasset" 136
"../../../Engine/Content/EngineMaterials/Widget3DPassThrough_Masked.uasset" 137
"../../../Engine/Content/EngineMaterials/Widget3DPassThrough_Opaque.uasset" 138
"../../../Engine/Content/EngineMaterials/Widget3DPassThrough_Masked_OneSided.uasset" 139
"../../../Engine/Content/EngineMaterials/Widget3DPassThrough_Opaque_OneSided.uasset" 140
"../../../Engine/Content/EngineMaterials/Widget3DPassThrough_Translucent.uasset" 141
"../../../Engine/Content/EngineMaterials/Widget3DPassThrough_Translucent_OneSided.uasset" 142
"../../../Engine/Content/EngineMeshes/Cylinder.uasset" 143
"../../../Engine/Content/EngineMeshes/Sphere.uasset" 144
"../../../Engine/Content/EngineResources/DefaultTextureCube.uasset" 145
"../../../Engine/Content/EngineResources/DefaultVolumeTexture2D.uasset" 146
"../../../Engine/Content/EngineResources/DefaultVolumeTexture.uasset" 147
"../../../Engine/Content/EngineResources/GradientTexture0.uasset" 148
"../../../Engine/Content/EngineSounds/Master.uasset" 149
"../../../Engine/Content/Functions/Engine_MaterialFunctions01/Shading/ConvertFromDiffSpec.uasset" 150
"../../../Engine/Content/Functions/Engine_MaterialFunctions01/Shading/PowerToRoughness.uasset" 151
"../../../Engine/Content/Maps/Templates/Thumbnails/Default.uasset" 152
"../../../Engine/Content/Maps/Templates/Thumbnails/TimeOfDay.uasset" 153
"../../../Engine/Content/Maps/Templates/Thumbnails/VR-Basic.uasset" 154
"../../../Engine/Content/MobileResources/T_MobileControls_texture.uasset" 155
"../../../Engine/Content/MobileResources/T_MobileMenu2.uasset" 156
"../../../Engine/Content/MobileResources/HUD/AnalogHat.uasset" 157
"../../../Engine/Content/MobileResources/HUD/VirtualJoystick_Background.uasset" 158
"../../../Engine/Content/MobileResources/HUD/VirtualJoystick_Thumb.uasset" 159
"../../../Engine/Content/MobileResources/HUD/DefaultVirtualJoysticks.uasset" 160
"../../../Engine/Content/MobileResources/HUD/LeftVirtualJoystickOnly.uasset" 161
"../../../Engine/Content/MobileResources/HUD/MobileHUDButton1_off.uasset" 162
"../../../Engine/Content/MobileResources/HUD/MobileHUDButton1_on.uasset" 163
"../../../Engine/Content/MobileResources/HUD/MobileHUDButton2_off.uasset" 164
"../../../Engine/Content/MobileResources/HUD/MobileHUDButton2_on.uasset" 165
"../../../Engine/Content/MobileResources/HUD/MobileHUDButton3.uasset" 166
"../../../Engine/Content/MobileResources/HUD/MobileHUDButtonFire.uasset" 167
"../../../Engine/Content/MobileResources/HUD/MobileHUDDirectionPad.uasset" 168
"../../../Engine/Content/MobileResources/HUD/MobileHUDDirectionPad2.uasset" 169
"../../../Engine/Content/MobileResources/HUD/MobileHUDDirectionPad3.uasset" 170
"../../../Engine/Content/MobileResources/HUD/MobileHUDDirectionStick.uasset" 171
"../../../Engine/Content/MobileResources/HUD/T_Castle_ThumbstickInner.uasset" 172
"../../../Engine/Content/MobileResources/HUD/T_Castle_ThumbstickOutter.uasset" 173
"../../../Engine/Content/Tutorial/ContentIntroCurve.uasset" 174
"../../../Engine/Content/Tutorial/Basics/LevelEditorAttract.uasset" 175
"../../../Engine/Content/VREditor/LaserPointer/VR_LaserPower_01.uasset" 176
"../../../Engine/Content/VREditor/TransformGizmo/TransformGizmoMaterial.uasset" 177
"../../../Engine/Content/VREditor/TransformGizmo/TranslucentTransformGizmoMaterial.uasset" 178
"../../../Engine/Content/VREditor/TransformGizmo/BoundingBoxCorner.uasset" 179
"../../../Engine/Content/VREditor/TransformGizmo/BoundingBoxEdge.uasset" 180
"../../../Engine/Content/VREditor/TransformGizmo/PlaneTranslationHandle.uasset" 181
"../../../Engine/Content/VREditor/TransformGizmo/Main.uasset" 182
"../../../Engine/Content/VREditor/TransformGizmo/Xray.uasset" 183
"../../../Engine/Content/VREditor/TransformGizmo/SM_Sequencer_Key.uasset" 184
"../../../Engine/Content/VREditor/TransformGizmo/SM_Sequencer_Node.uasset" 185
"../../Plugins/2D/Paper2D/Content/PlaceholderTextures/DummySpriteTexture.uasset" 186
"../../Plugins/2D/Paper2D/Content/DummySprite.uasset" 187
"../../Plugins/2D/Paper2D/Content/DefaultPaperTerrainMaterial.uasset" 188
"../../Plugins/2D/Paper2D/Content/DefaultSpriteMaterial.uasset" 189
"../../Plugins/2D/Paper2D/Content/MaskedUnlitSpriteMaterial.uasset" 190
"../../Plugins/2D/Paper2D/Content/OpaqueUnlitSpriteMaterial.uasset" 191
"../../Plugins/FX/Niagara/Content/Enums/ENiagaraBooleanLogicOps.uasset" 192
"../../Plugins/FX/Niagara/Content/Enums/ENiagaraCoordinateSpace.uasset" 193
"../../Plugins/FX/Niagara/Content/Enums/ENiagaraExpansionMode.uasset" 194
"../../Plugins/FX/Niagara/Content/Enums/ENiagaraOrientationAxis.uasset" 195
"../../Plugins/FX/Niagara/Content/Enums/ENiagaraRandomnessMode.uasset" 196
"../../../Engine/Content/Functions/Engine_MaterialFunctions02/Utility/BreakOutFloat4Components.uasset" 197
"../../../Engine/Content/Functions/Engine_MaterialFunctions02/Utility/MakeFloat2.uasset" 198
"../../../Engine/Content/Functions/Engine_MaterialFunctions02/Utility/MakeFloat3.uasset" 199
"../../Plugins/Runtime/Oculus/OculusVR/Content/Materials/OculusMR_ChromaKey.uasset" 200
"../../Plugins/Runtime/Oculus/OculusVR/Content/Materials/OculusMR_ChromaKey_Lit.uasset" 201
"../../Plugins/Runtime/Oculus/OculusVR/Content/Materials/OculusMR_OpaqueColoredMaterial.uasset" 202
"../../Plugins/Runtime/Oculus/OculusVR/Content/Materials/OculusMR_WhiteMaterial.uasset" 203
"../../../Engine/Content/Functions/Engine_MaterialFunctions01/Texturing/FlattenNormal.uasset" 204
"../../../../../../Users/pulls/Documents/Unreal Projects/DeadWhispers/Content/JamContent/T_Armchair_Base_BaseColor.uasset" 205
"../../../../../../Users/pulls/Documents/Unreal Projects/DeadWhispers/Content/JamContent/T_Armchair_Base_Normal.uasset" 206
"../../../../../../Users/pulls/Documents/Unreal Projects/DeadWhispers/Content/JamContent/T_Armchair_Base_OcclusionRoughnessMetallic.uasset" 207
"../../../../../../Users/pulls/Documents/Unreal Projects/DeadWhispers/Content/JamContent/M_SubstanceMaster.uasset" 208
"../../../Engine/Content/Functions/Engine_MaterialFunctions02/Utility/BlendAngleCorrectedNormals.uasset" 209
"../../../Engine/Content/Functions/MaterialLayerFunctions/MatLayerBlend_NormalBlend.uasset" 210
"../../../Engine/Content/Functions/MaterialLayerFunctions/MatLayerBlend_Simple.uasset" 211
"../../../../../../Users/pulls/Documents/Unreal Projects/DeadWhispers/Content/Blueprint/Character/Mannequin/Character/Materials/MaterialLayers/T_ML_Rubber_Blue_01_D.uasset" 212
"../../../../../../Users/pulls/Documents/Unreal Projects/DeadWhispers/Content/Blueprint/Character/Mannequin/Character/Materials/MaterialLayers/T_ML_Rubber_Blue_01_N.uasset" 213
"../../../../../../Users/pulls/Documents/Unreal Projects/DeadWhispers/Content/Blueprint/Character/Mannequin/Character/Materials/MaterialLayers/ML_GlossyBlack_Latex_UE4.uasset" 214
"../../../../../../Users/pulls/Documents/Unreal Projects/DeadWhispers/Content/Blueprint/Character/Mannequin/Character/Materials/MaterialLayers/ML_Plastic_Shiny_Beige.uasset" 215
"../../../../../../Users/pulls/Documents/Unreal Projects/DeadWhispers/Content/Blueprint/Character/Mannequin/Character/Textures/UE4_LOGO_CARD.uasset" 216
"../../../../../../Users/pulls/Documents/Unreal Projects/DeadWhispers/Content/Blueprint/Character/Mannequin/Character/Materials/MaterialLayers/ML_Plastic_Shiny_Beige_LOGO.uasset" 217
"../../../../../../Users/pulls/Documents/Unreal Projects/DeadWhispers/Content/Blueprint/Character/Mannequin/Character/Materials/MaterialLayers/T_ML_Aluminum01.uasset" 218
"../../../../../../Users/pulls/Documents/Unreal Projects/DeadWhispers/Content/Blueprint/Character/Mannequin/Character/Materials/MaterialLayers/T_ML_Aluminum01_N.uasset" 219
"../../../../../../Users/pulls/Documents/Unreal Projects/DeadWhispers/Content/Blueprint/Character/Mannequin/Character/Materials/MaterialLayers/ML_SoftMetal_UE4.uasset" 220
"../../../../../../Users/pulls/Documents/Unreal Projects/DeadWhispers/Content/Blueprint/Character/Mannequin/Character/Textures/UE4_Mannequin__normals.uasset" 221
"../../../../../../Users/pulls/Documents/Unreal Projects/DeadWhispers/Content/Blueprint/Character/Mannequin/Character/Textures/UE4_Mannequin_MAT_MASKA.uasset" 222
"../../../../../../Users/pulls/Documents/Unreal Projects/DeadWhispers/Content/Blueprint/Character/Mannequin/Character/Materials/M_UE4Man_Body.uasset" 223
"../../../../../../Users/pulls/Documents/Unreal Projects/DeadWhispers/Content/Blueprint/Character/Mannequin/Character/Textures/UE4Man_Logo_N.uasset" 224
"../../../../../../Users/pulls/Documents/Unreal Projects/DeadWhispers/Content/Blueprint/Character/Mannequin/Character/Materials/M_UE4Man_ChestLogo.uasset" 225
"../../../../../../Users/pulls/Documents/Unreal Projects/DeadWhispers/Content/Blueprint/Character/Mannequin/Character/Mesh/SK_Mannequin_PhysicsAsset.uasset" 226
"../../../../../../Users/pulls/Documents/Unreal Projects/DeadWhispers/Content/Blueprint/Character/Mannequin/Character/Mesh/UE4_Mannequin_Skeleton.uasset" 227
"../../../../../../Users/pulls/Documents/Unreal Projects/DeadWhispers/Content/Blueprint/Character/Mannequin/Character/Mesh/SK_Mannequin.uasset" 228
"../../../../../../Users/pulls/Documents/Unreal Projects/DeadWhispers/Content/Blueprint/SceneBlueprints/Spline/GravestoneSpline.uasset" 229
"../../../Engine/Content/EditorBlueprintResources/StandardMacros.uasset" 230
"../../../Engine/Content/Animation/DefaultAnimBoneCompressionSettings.uasset" 231
"../../../../../../Users/pulls/Documents/Unreal Projects/DeadWhispers/Content/Blueprint/Character/Mannequin/Animations/ThirdPerson_Jump.uasset" 232
"../../../../../../Users/pulls/Documents/Unreal Projects/DeadWhispers/Content/Blueprint/Character/Mannequin/Animations/ThirdPersonJump_Loop.uasset" 233
"../../../../../../Users/pulls/Documents/Unreal Projects/DeadWhispers/Content/Blueprint/Character/Mannequin/Animations/ThirdPersonJump_Start.uasset" 234
"../../../../../../Users/pulls/Documents/Unreal Projects/DeadWhispers/Content/Blueprint/Character/Mannequin/Animations/ThirdPersonIdle.uasset" 235
"../../../../../../Users/pulls/Documents/Unreal Projects/DeadWhispers/Content/Blueprint/Character/Mannequin/Animations/ThirdPersonRun.uasset" 236
"../../../../../../Users/pulls/Documents/Unreal Projects/DeadWhispers/Content/Blueprint/Character/Mannequin/Animations/ThirdPersonWalk.uasset" 237
"../../../../../../Users/pulls/Documents/Unreal Projects/DeadWhispers/Content/Blueprint/Character/Mannequin/Animations/ThirdPerson_IdleRun_2D.uasset" 238
"../../../../../../Users/pulls/Documents/Unreal Projects/DeadWhispers/Content/Blueprint/Character/Mannequin/Animations/ThirdPerson_AnimBP.uasset" 239
"../../../../../../Users/pulls/Documents/Unreal Projects/DeadWhispers/Content/Blueprint/MajorBlueprint/BPI/BPI_Interaction.uasset" 240
"../../../../../../Users/pulls/Documents/Unreal Projects/DeadWhispers/Content/Blueprint/MajorBlueprint/BPI/BPI_PlayerBP.uasset" 241
"../../../../../../Users/pulls/Documents/Unreal Projects/DeadWhispers/Content/Blueprint/MajorBlueprint/BPI/BPI_Precondition.uasset" 242
"../../../Engine/Content/Functions/Engine_MaterialFunctions02/Texturing/ScreenAlignedPixelToPixelUVs.uasset" 243
"../../../Engine/Content/EngineMaterials/Good64x64TilingNoiseHighFreq.uasset" 244
"../../../Engine/Content/Functions/Engine_MaterialFunctions02/Utility/DitherTemporalAA.uasset" 245
"../../../../../../Users/pulls/Documents/Unreal Projects/DeadWhispers/Content/Assets/Textures/Stone/T_StairSteps_BaseColor_02.uasset" 246
"../../../../../../Users/pulls/Documents/Unreal Projects/DeadWhispers/Content/Assets/Textures/Stone/T_StairSteps_Normal_02.uasset" 247
"../../../../../../Users/pulls/Documents/Unreal Projects/DeadWhispers/Content/Assets/Textures/Stone/T_StairSteps_OcclusionRoughnessMetallic_02.uasset" 248
"../../../../../../Users/pulls/Documents/Unreal Projects/DeadWhispers/Content/Assets/Materials/MM_Stone.uasset" 249
"../../../../../../Users/pulls/Documents/Unreal Projects/DeadWhispers/Content/Assets/Textures/Props/T_Gun_BaseColor.uasset" 250
"../../../../../../Users/pulls/Documents/Unreal Projects/DeadWhispers/Content/Assets/Textures/Props/T_Gun_DefaultMaterial_Normal.uasset" 251
"../../../../../../Users/pulls/Documents/Unreal Projects/DeadWhispers/Content/Assets/Textures/Props/T_Gun_OcclusionRoughnessMetallic.uasset" 252
"../../../../../../Users/pulls/Documents/Unreal Projects/DeadWhispers/Content/Assets/Materials/MI_Gun.uasset" 253
"../../../../../../Users/pulls/Documents/Unreal Projects/DeadWhispers/Content/Assets/Models/StaticMeshes/SM_Gun.uasset" 254
"../../../../../../Users/pulls/Documents/Unreal Projects/DeadWhispers/Content/Blueprint/SceneBlueprints/Interactable/GunSceneBP.uasset" 255
"../../../../../../Users/pulls/Documents/Unreal Projects/DeadWhispers/Content/Blueprint/MajorBlueprint/BPI/BPI_VoiceFeedBack.uasset" 256
"../../../../../../Users/pulls/Documents/Unreal Projects/DeadWhispers/Content/Blueprint/SceneBlueprints/Spline/SplineWithCamera.uasset" 257
"../../../../../../Users/pulls/Documents/Unreal Projects/DeadWhispers/Content/Blueprint/Character/UI/blackscreen.uasset" 258
"../../../../../../Users/pulls/Documents/Unreal Projects/DeadWhispers/Content/Blueprint/Character/UI/HudWidget.uasset" 259
"../../../../../../Users/pulls/Documents/Unreal Projects/DeadWhispers/Content/Blueprint/MajorBlueprint/Gameplay_GI.uasset" 260
"../../../../../../Users/pulls/Documents/Unreal Projects/DeadWhispers/Content/Blueprint/MajorBlueprint/BPI/BPI_GameInstance.uasset" 261
"../../../../../../Users/pulls/Documents/Unreal Projects/DeadWhispers/Content/Font/BloodLust.uasset" 262
"../../../../../../Users/pulls/Documents/Unreal Projects/DeadWhispers/Content/Font/BloodLust_Font.uasset" 263
"../../../../../../Users/pulls/Documents/Unreal Projects/DeadWhispers/Content/Blueprint/Menu/Widgets/PauseMenu.uasset" 264
"../../../../../../Users/pulls/Documents/Unreal Projects/DeadWhispers/Content/Blueprint/MajorBlueprint/Gameplay_PC.uasset" 265
"../../../../../../Users/pulls/Documents/Unreal Projects/DeadWhispers/Content/Assets/Textures/Props/T_Newspaper_01_T_Newspaper_BaseColor.uasset" 266
"../../../../../../Users/pulls/Documents/Unreal Projects/DeadWhispers/Content/Assets/Textures/Props/T_Newspaper_01_T_Newspaper_Normal.uasset" 267
"../../../../../../Users/pulls/Documents/Unreal Projects/DeadWhispers/Content/Assets/Textures/Props/T_Newspaper_01_T_Newspaper_OcclusionRoughnessMetallic.uasset" 268
"../../../../../../Users/pulls/Documents/Unreal Projects/DeadWhispers/Content/Assets/Textures/Props/T_Newspaper_Opcaity.uasset" 269
"../../../../../../Users/pulls/Documents/Unreal Projects/DeadWhispers/Content/Assets/Materials/M_Newspaper.uasset" 270
"../../../../../../Users/pulls/Documents/Unreal Projects/DeadWhispers/Content/Assets/Materials/MI_Newspaper.uasset" 271
"../../../../../../Users/pulls/Documents/Unreal Projects/DeadWhispers/Content/Assets/Models/StaticMeshes/SM_Newspaper_06.uasset" 272
"../../../../../../Users/pulls/Documents/Unreal Projects/DeadWhispers/Content/Blueprint/SceneBlueprints/Interactable/Newspaper.uasset" 273
"../../../../../../Users/pulls/Documents/Unreal Projects/DeadWhispers/Content/Blueprint/SceneBlueprints/Spline/CameraTraceSpline.uasset" 274
"../../../../../../Users/pulls/Documents/Unreal Projects/DeadWhispers/Content/Blueprint/SceneBlueprints/Spline/MakingDesicionInfo.uasset" 275
"../../../../../../Users/pulls/Documents/Unreal Projects/DeadWhispers/Content/Sounds/ClassAndMix/Concurrency_Others.uasset" 276
"../../../../../../Users/pulls/Documents/Unreal Projects/DeadWhispers/Content/Sounds/Foley/Soil/zapsplat_foley_footstep_single_stoney_path_018_23294.uasset" 277
"../../../../../../Users/pulls/Documents/Unreal Projects/DeadWhispers/Content/Sounds/Foley/Soil/zapsplat_foley_footstep_single_stoney_path_001_23277_Cue.uasset" 278
"../../../../../../Users/pulls/Documents/Unreal Projects/DeadWhispers/Content/Sounds/Foley/Stone/Yurume__Step_Stone_01_Cue.uasset" 279
"../../../../../../Users/pulls/Documents/Unreal Projects/DeadWhispers/Content/Sounds/ClassAndMix/Concurrency_Main.uasset" 280
"../../../../../../Users/pulls/Documents/Unreal Projects/DeadWhispers/Content/Sounds/Sound/SoundWaves/sound7.uasset" 281
"../../../../../../Users/pulls/Documents/Unreal Projects/DeadWhispers/Content/Blueprint/Character/Character_BP.uasset" 282
"../../../../../../Users/pulls/Documents/Unreal Projects/DeadWhispers/Content/Sounds/Ambient/Ambient_01.uasset" 283
"../../../../../../Users/pulls/Documents/Unreal Projects/DeadWhispers/Content/Sounds/Ambient/Ambient_01_Cue.uasset" 284
"../../../../../../Users/pulls/Documents/Unreal Projects/DeadWhispers/Content/Sounds/Ambient/Ambient_02.uasset" 285
"../../../../../../Users/pulls/Documents/Unreal Projects/DeadWhispers/Content/Sounds/Ambient/Ambient_02_Cue.uasset" 286
"../../../../../../Users/pulls/Documents/Unreal Projects/DeadWhispers/Content/Sounds/Sound/SoundWaves/sound0.uasset" 287
"../../../../../../Users/pulls/Documents/Unreal Projects/DeadWhispers/Content/Sounds/Sound/sound0_Cue.uasset" 288
"../../../../../../Users/pulls/Documents/Unreal Projects/DeadWhispers/Content/Blueprint/MajorBlueprint/Gameplay_GM.uasset" 289
"../../../../../../Users/pulls/Documents/Unreal Projects/DeadWhispers/Content/Blueprint/MajorBlueprint/BPI/BPI_GameMode.uasset" 290
"../../../../../../Users/pulls/Documents/Unreal Projects/DeadWhispers/Content/Geometry/Meshes/CubeMaterial1.uasset" 291
"../../../../../../Users/pulls/Documents/Unreal Projects/DeadWhispers/Content/Geometry/Meshes/CubeMaterial.uasset" 292
"../../../../../../Users/pulls/Documents/Unreal Projects/DeadWhispers/Content/Geometry/Meshes/1M_Cube.uasset" 293
"../../../../../../Users/pulls/Documents/Unreal Projects/DeadWhispers/Content/Blueprint/SceneBlueprints/Interactable/InteractableObjectsBase.uasset" 294
"../../../../../../Users/pulls/Documents/Unreal Projects/DeadWhispers/Content/Blueprint/SceneBlueprints/VoiceTriggers/VoiceTrigger_NoCondition.uasset" 295
"../../../../../../Users/pulls/Documents/Unreal Projects/DeadWhispers/Content/Blueprint/SceneBlueprints/VoiceTriggers/VoiceTriggerWithCondition.uasset" 296
"../../../../../../Users/pulls/Documents/Unreal Projects/DeadWhispers/Content/Assets/Textures/Stone/T_StairSteps_OcclusionRoughnessMetallic.uasset" 297
"../../../../../../Users/pulls/Documents/Unreal Projects/DeadWhispers/Content/Physics/Stone.uasset" 298
"../../../../../../Users/pulls/Documents/Unreal Projects/DeadWhispers/Content/Assets/Materials/MI_Stone_Steps.uasset" 299
"../../../../../../Users/pulls/Documents/Unreal Projects/DeadWhispers/Content/Assets/Models/StaticMeshes/SM_StairPiece_01.uasset" 300
"../../../../../../Users/pulls/Documents/Unreal Projects/DeadWhispers/Content/Assets/Models/StaticMeshes/SM_StairPiece_02.uasset" 301
"../../../../../../Users/pulls/Documents/Unreal Projects/DeadWhispers/Content/Assets/Models/StaticMeshes/SM_StairPiece_03.uasset" 302
"../../../../../../Users/pulls/Documents/Unreal Projects/DeadWhispers/Content/Assets/Models/StaticMeshes/SM_StairPiece_04.uasset" 303
"../../../../../../Users/pulls/Documents/Unreal Projects/DeadWhispers/Content/Assets/Models/BlueprintMeshes/BP_Steps_Side.uasset" 304
"../../../../../../Users/pulls/Documents/Unreal Projects/DeadWhispers/Content/Assets/Textures/Stone/T_StoneTile_Pieces_Set_BaseColor.uasset" 305
"../../../../../../Users/pulls/Documents/Unreal Projects/DeadWhispers/Content/Assets/Textures/Stone/T_StoneTile_Pieces_Set_Normal.uasset" 306
"../../../../../../Users/pulls/Documents/Unreal Projects/DeadWhispers/Content/Assets/Textures/Stone/T_StoneTile_Pieces_Set_OcclusionRoughnessMetallic.uasset" 307
"../../../../../../Users/pulls/Documents/Unreal Projects/DeadWhispers/Content/Assets/Materials/MI_StoneTiles_Pieces_Set.uasset" 308
"../../../../../../Users/pulls/Documents/Unreal Projects/DeadWhispers/Content/Assets/Models/StaticMeshes/SM_StoneTile_01.uasset" 309
"../../../../../../Users/pulls/Documents/Unreal Projects/DeadWhispers/Content/Assets/Models/StaticMeshes/SM_StoneTile_02.uasset" 310
"../../../../../../Users/pulls/Documents/Unreal Projects/DeadWhispers/Content/Assets/Models/StaticMeshes/SM_StoneTile_03.uasset" 311
"../../../../../../Users/pulls/Documents/Unreal Projects/DeadWhispers/Content/Assets/Models/BlueprintMeshes/BP_Steps_Side_Top.uasset" 312
"../../../../../../Users/pulls/Documents/Unreal Projects/DeadWhispers/Content/Assets/Textures/Stone/Crypt_Pieces_high_Crypt_Wall_Stone_BaseColor.uasset" 313
"../../../../../../Users/pulls/Documents/Unreal Projects/DeadWhispers/Content/Assets/Textures/Stone/Crypt_Pieces_high_Crypt_Wall_Stone_Normal.uasset" 314
"../../../../../../Users/pulls/Documents/Unreal Projects/DeadWhispers/Content/Assets/Textures/Stone/Crypt_Pieces_high_Crypt_Wall_Stone_OcclusionRoughnessMetallic.uasset" 315
"../../../../../../Users/pulls/Documents/Unreal Projects/DeadWhispers/Content/Assets/Materials/MI_Stone_Crypt_Walls.uasset" 316
"../../../../../../Users/pulls/Documents/Unreal Projects/DeadWhispers/Content/Assets/Models/StaticMeshes/SM_Crypt_Wall_Piece_01.uasset" 317
"../../../../../../Users/pulls/Documents/Unreal Projects/DeadWhispers/Content/Assets/Models/BlueprintMeshes/BP_Wall.uasset" 318
"../../../../../../Users/pulls/Documents/Unreal Projects/DeadWhispers/Content/Blueprint/SceneBlueprints/OtherTriggers/GameOverBox.uasset" 319
"../../../../../../Users/pulls/Documents/Unreal Projects/DeadWhispers/Content/Physics/Soil.uasset" 320
"../../../../../../Users/pulls/Documents/Unreal Projects/DeadWhispers/Content/Assets/Materials/Grass_LayerInfo.uasset" 321
"../../../../../../Users/pulls/Documents/Unreal Projects/DeadWhispers/Content/Assets/Materials/Soil_LayerInfo.uasset" 322
"../../../../../../Users/pulls/Documents/Unreal Projects/DeadWhispers/Content/Maps/Level_01_BuiltData.uasset" 323
"../../../Engine/Content/EngineMaterials/WeightMapPlaceholderTexture.uasset" 324
"../../../Engine/Content/EngineResources/DefaultTexture.uasset" 325
"../../../../../../Users/pulls/Documents/Unreal Projects/DeadWhispers/Content/Assets/Textures/Landscape/T_Grass__AO.uasset" 326
"../../../../../../Users/pulls/Documents/Unreal Projects/DeadWhispers/Content/Assets/Textures/Landscape/T_Grass_Albedo.uasset" 327
"../../../../../../Users/pulls/Documents/Unreal Projects/DeadWhispers/Content/Assets/Textures/Landscape/T_Grass_Displacement.uasset" 328
"../../../../../../Users/pulls/Documents/Unreal Projects/DeadWhispers/Content/Assets/Textures/Landscape/T_Grass_Normal.uasset" 329
"../../../../../../Users/pulls/Documents/Unreal Projects/DeadWhispers/Content/Assets/Textures/Landscape/T_Grass_Roughness.uasset" 330
"../../../../../../Users/pulls/Documents/Unreal Projects/DeadWhispers/Content/Assets/Textures/Landscape/T_Grass_Specular.uasset" 331
"../../../../../../Users/pulls/Documents/Unreal Projects/DeadWhispers/Content/Assets/Textures/Landscape/T_Soil_Albedo.uasset" 332
"../../../../../../Users/pulls/Documents/Unreal Projects/DeadWhispers/Content/Assets/Textures/Landscape/T_Soil_AO.uasset" 333
"../../../../../../Users/pulls/Documents/Unreal Projects/DeadWhispers/Content/Assets/Textures/Landscape/T_Soil_Displacement.uasset" 334
"../../../../../../Users/pulls/Documents/Unreal Projects/DeadWhispers/Content/Assets/Textures/Landscape/T_Soil_Roughness.uasset" 335
"../../../../../../Users/pulls/Documents/Unreal Projects/DeadWhispers/Content/Assets/Textures/Landscape/T_Soil_Specular.uasset" 336
"../../../../../../Users/pulls/Documents/Unreal Projects/DeadWhispers/Content/Assets/Materials/MM_Landscape.uasset" 337
"../../../../../../Users/pulls/Documents/Unreal Projects/DeadWhispers/Content/Assets/Textures/Props/T_Grave_Chris_01_BaseColor.uasset" 338
"../../../../../../Users/pulls/Documents/Unreal Projects/DeadWhispers/Content/Assets/Textures/Props/T_Grave_Chris_01_Normal.uasset" 339
"../../../../../../Users/pulls/Documents/Unreal Projects/DeadWhispers/Content/Assets/Textures/Props/T_Grave_Chris_01_OcclusionRoughnessMetallic.uasset" 340
"../../../../../../Users/pulls/Documents/Unreal Projects/DeadWhispers/Content/Assets/Materials/MI_Grave_Chris_01.uasset" 341
"../../../../../../Users/pulls/Documents/Unreal Projects/DeadWhispers/Content/Assets/Models/StaticMeshes/SM_GraveStone_01_low.uasset" 342
"../../../../../../Users/pulls/Documents/Unreal Projects/DeadWhispers/Content/Assets/Textures/Props/T_Grave_Emily_03_BaseColor.uasset" 343
"../../../../../../Users/pulls/Documents/Unreal Projects/DeadWhispers/Content/Assets/Textures/Props/T_Grave_Emily_03_Normal.uasset" 344
"../../../../../../Users/pulls/Documents/Unreal Projects/DeadWhispers/Content/Assets/Textures/Props/T_Grave_Emily_03_OcclusionRoughnessMetallic.uasset" 345
"../../../../../../Users/pulls/Documents/Unreal Projects/DeadWhispers/Content/Assets/Materials/MI_Grave_Emily_03.uasset" 346
"../../../../../../Users/pulls/Documents/Unreal Projects/DeadWhispers/Content/Assets/Models/StaticMeshes/SM_GraveStone_02_low.uasset" 347
"../../../../../../Users/pulls/Documents/Unreal Projects/DeadWhispers/Content/Assets/Models/StaticMeshes/SM_Newspaper_02.uasset" 348
"../../../../../../Users/pulls/Documents/Unreal Projects/DeadWhispers/Content/Assets/Models/StaticMeshes/SM_Newspaper_05.uasset" 349
"../../../../../../Users/pulls/Documents/Unreal Projects/DeadWhispers/Content/Assets/Textures/Stone/T_Statue_Female_Albedo.uasset" 350
"../../../../../../Users/pulls/Documents/Unreal Projects/DeadWhispers/Content/Assets/Textures/Stone/T_Statue_Female_AO.uasset" 351
"../../../../../../Users/pulls/Documents/Unreal Projects/DeadWhispers/Content/Assets/Textures/Stone/T_Statue_Female_Normal.uasset" 352
"../../../../../../Users/pulls/Documents/Unreal Projects/DeadWhispers/Content/Assets/Textures/Stone/T_Statue_Female_Roughness.uasset" 353
"../../../../../../Users/pulls/Documents/Unreal Projects/DeadWhispers/Content/Assets/Textures/Stone/T_Statue_Female_Specular.uasset" 354
"../../../../../../Users/pulls/Documents/Unreal Projects/DeadWhispers/Content/Assets/Materials/MM_Statue.uasset" 355
"../../../../../../Users/pulls/Documents/Unreal Projects/DeadWhispers/Content/Assets/Materials/MI_Statue_Female.uasset" 356
"../../../../../../Users/pulls/Documents/Unreal Projects/DeadWhispers/Content/Assets/Models/StaticMeshes/SM_Statue_Female.uasset" 357
"../../../../../../Users/pulls/Documents/Unreal Projects/DeadWhispers/Content/Assets/Textures/Stone/T_Statue_Male_Albedo.uasset" 358
"../../../../../../Users/pulls/Documents/Unreal Projects/DeadWhispers/Content/Assets/Textures/Stone/T_Statue_Male_AO.uasset" 359
"../../../../../../Users/pulls/Documents/Unreal Projects/DeadWhispers/Content/Assets/Textures/Stone/T_Statue_Male_Normal.uasset" 360
"../../../../../../Users/pulls/Documents/Unreal Projects/DeadWhispers/Content/Assets/Textures/Stone/T_Statue_Male_Roughness.uasset" 361
"../../../../../../Users/pulls/Documents/Unreal Projects/DeadWhispers/Content/Assets/Textures/Stone/T_Statue_Male_Specular.uasset" 362
"../../../../../../Users/pulls/Documents/Unreal Projects/DeadWhispers/Content/Assets/Materials/MI_Statue_Male.uasset" 363
"../../../../../../Users/pulls/Documents/Unreal Projects/DeadWhispers/Content/Assets/Models/StaticMeshes/SM_Statue_Male.uasset" 364
"../../../../../../Users/pulls/Documents/Unreal Projects/DeadWhispers/Content/Assets/Models/StaticMeshes/SM_StonePieces_01.uasset" 365
"../../../../../../Users/pulls/Documents/Unreal Projects/DeadWhispers/Content/Assets/Models/StaticMeshes/SM_StonePieces_02.uasset" 366
"../../../../../../Users/pulls/Documents/Unreal Projects/DeadWhispers/Content/Assets/Models/StaticMeshes/SM_StonePieces_03.uasset" 367
"../../../../../../Users/pulls/Documents/Unreal Projects/DeadWhispers/Content/Assets/Models/StaticMeshes/SM_StonePieces_04.uasset" 368
"../../../../../../Users/pulls/Documents/Unreal Projects/DeadWhispers/Content/Assets/Models/StaticMeshes/SM_StonePieces_05.uasset" 369
"../../../../../../Users/pulls/Documents/Unreal Projects/DeadWhispers/Content/Assets/Models/StaticMeshes/SM_StoneSteps_01.uasset" 370
"../../../Engine/Content/Functions/Engine_MaterialFunctions01/Gradient/LinearGradient.uasset" 371
"../../../Engine/Content/Functions/Engine_MaterialFunctions01/SpeedTree/SpeedTreeBillboardNormals.uasset" 372
"../../../Engine/Content/Functions/Engine_MaterialFunctions01/SpeedTree/SpeedTreeColorVariation.uasset" 373
"../../../Engine/Content/Functions/Engine_MaterialFunctions01/SpeedTree/SpeedTreeCrossfadeBillboard.uasset" 374
"../../../../../../Users/pulls/Documents/Unreal Projects/DeadWhispers/Content/Assets/Materials/MF_SpecularCorrection.uasset" 375
"../../../../../../Users/pulls/Documents/Unreal Projects/DeadWhispers/Content/Assets/Materials/MF_SpeedTree_Wind.uasset" 376
"../../../../../../Users/pulls/Documents/Unreal Projects/DeadWhispers/Content/Placeholders/T_Default_Albedo.uasset" 377
"../../../../../../Users/pulls/Documents/Unreal Projects/DeadWhispers/Content/Placeholders/T_Default_Normal.uasset" 378
"../../../../../../Users/pulls/Documents/Unreal Projects/DeadWhispers/Content/Assets/Materials/MF_FoliageSet.uasset" 379
"../../../../../../Users/pulls/Documents/Unreal Projects/DeadWhispers/Content/Assets/Materials/MM_Foliage.uasset" 380
"../../../../../../Users/pulls/Documents/Unreal Projects/DeadWhispers/Content/Assets/Textures/Vegetation/T_DryPlant_01_BaseColor.uasset" 381
"../../../../../../Users/pulls/Documents/Unreal Projects/DeadWhispers/Content/Assets/Textures/Vegetation/T_DryPlant_01_Normal.uasset" 382
"../../../../../../Users/pulls/Documents/Unreal Projects/DeadWhispers/Content/Assets/Textures/Vegetation/T_DryPlant_01_Subsurface.uasset" 383
"../../../../../../Users/pulls/Documents/Unreal Projects/DeadWhispers/Content/Assets/Materials/MI_DryPlant_01.uasset" 384
"../../../../../../Users/pulls/Documents/Unreal Projects/DeadWhispers/Content/Assets/Models/Vegetation/GroundFoliage/SM_DryPlant_01.uasset" 385
"../../../../../../Users/pulls/Documents/Unreal Projects/DeadWhispers/Content/Assets/Textures/Vegetation/T_DryPlant_02_BaseColor.uasset" 386
"../../../../../../Users/pulls/Documents/Unreal Projects/DeadWhispers/Content/Assets/Textures/Vegetation/T_DryPlant_02_Normal.uasset" 387
"../../../../../../Users/pulls/Documents/Unreal Projects/DeadWhispers/Content/Assets/Textures/Vegetation/T_DryPlant_02_Subsurface.uasset" 388
"../../../../../../Users/pulls/Documents/Unreal Projects/DeadWhispers/Content/Assets/Materials/MI_DryPlant_02.uasset" 389
"../../../../../../Users/pulls/Documents/Unreal Projects/DeadWhispers/Content/Assets/Models/Vegetation/GroundFoliage/SM_DryPlant_02.uasset" 390
"../../../../../../Users/pulls/Documents/Unreal Projects/DeadWhispers/Content/Assets/Textures/Vegetation/T_DryPlant_03_BaseColor.uasset" 391
"../../../../../../Users/pulls/Documents/Unreal Projects/DeadWhispers/Content/Assets/Textures/Vegetation/T_DryPlant_03_Normal.uasset" 392
"../../../../../../Users/pulls/Documents/Unreal Projects/DeadWhispers/Content/Assets/Textures/Vegetation/T_DryPlant_03_Subsurface.uasset" 393
"../../../../../../Users/pulls/Documents/Unreal Projects/DeadWhispers/Content/Assets/Materials/MI_DryPlant_03.uasset" 394
"../../../../../../Users/pulls/Documents/Unreal Projects/DeadWhispers/Content/Assets/Models/Vegetation/GroundFoliage/SM_DryPlant_03_01.uasset" 395
"../../../../../../Users/pulls/Documents/Unreal Projects/DeadWhispers/Content/Assets/Models/Vegetation/GroundFoliage/SM_DryPlant_03_02.uasset" 396
"../../../../../../Users/pulls/Documents/Unreal Projects/DeadWhispers/Content/Assets/Models/Vegetation/GroundFoliage/SM_DryPlant_03_03.uasset" 397
"../../../../../../Users/pulls/Documents/Unreal Projects/DeadWhispers/Content/Assets/Textures/Vegetation/T_Grass_BaseColor.uasset" 398
"../../../../../../Users/pulls/Documents/Unreal Projects/DeadWhispers/Content/Assets/Textures/Vegetation/T_Grass_Normal.uasset" 399
"../../../../../../Users/pulls/Documents/Unreal Projects/DeadWhispers/Content/Assets/Textures/Vegetation/T_Grass_Subsurface.uasset" 400
"../../../../../../Users/pulls/Documents/Unreal Projects/DeadWhispers/Content/Assets/Materials/MI_Grass.uasset" 401
"../../../../../../Users/pulls/Documents/Unreal Projects/DeadWhispers/Content/Assets/Models/Vegetation/GroundFoliage/SM_Grass_Medium.uasset" 402
"../../../../../../Users/pulls/Documents/Unreal Projects/DeadWhispers/Content/Assets/Models/Vegetation/GroundFoliage/SM_Grass_Small.uasset" 403
"../../../../../../Users/pulls/Documents/Unreal Projects/DeadWhispers/Content/Assets/Models/Vegetation/GroundFoliage/SM_Grass_Tall.uasset" 404
"../../../../../../Users/pulls/Documents/Unreal Projects/DeadWhispers/Content/Assets/Textures/Vegetation/T_Plant_01_BaseColor.uasset" 405
"../../../../../../Users/pulls/Documents/Unreal Projects/DeadWhispers/Content/Assets/Textures/Vegetation/T_Plant_01_Normal.uasset" 406
"../../../../../../Users/pulls/Documents/Unreal Projects/DeadWhispers/Content/Assets/Textures/Vegetation/T_Plant_01_Subsurface.uasset" 407
"../../../../../../Users/pulls/Documents/Unreal Projects/DeadWhispers/Content/Assets/Materials/MI_Plant_01.uasset" 408
"../../../../../../Users/pulls/Documents/Unreal Projects/DeadWhispers/Content/Assets/Models/Vegetation/GroundFoliage/SM_Plant_01.uasset" 409
"../../../../../../Users/pulls/Documents/Unreal Projects/DeadWhispers/Content/Assets/Textures/Vegetation/T_Plant_02_BaseColor.uasset" 410
"../../../../../../Users/pulls/Documents/Unreal Projects/DeadWhispers/Content/Assets/Textures/Vegetation/T_Plant_02_Normal.uasset" 411
"../../../../../../Users/pulls/Documents/Unreal Projects/DeadWhispers/Content/Assets/Textures/Vegetation/T_Plant_02_Subsurface.uasset" 412
"../../../../../../Users/pulls/Documents/Unreal Projects/DeadWhispers/Content/Assets/Materials/MI_Plant_02.uasset" 413
"../../../../../../Users/pulls/Documents/Unreal Projects/DeadWhispers/Content/Assets/Models/Vegetation/GroundFoliage/SM_Plant_02.uasset" 414
"../../../../../../Users/pulls/Documents/Unreal Projects/DeadWhispers/Content/Assets/Textures/Vegetation/T_Plant_03_BaseColor.uasset" 415
"../../../../../../Users/pulls/Documents/Unreal Projects/DeadWhispers/Content/Assets/Textures/Vegetation/T_Plant_03_Normal.uasset" 416
"../../../../../../Users/pulls/Documents/Unreal Projects/DeadWhispers/Content/Assets/Textures/Vegetation/T_Plant_03_Subsurface.uasset" 417
"../../../../../../Users/pulls/Documents/Unreal Projects/DeadWhispers/Content/Assets/Materials/MI_Plant_03.uasset" 418
"../../../../../../Users/pulls/Documents/Unreal Projects/DeadWhispers/Content/Assets/Models/Vegetation/GroundFoliage/SM_Plant_03.uasset" 419
"../../../../../../Users/pulls/Documents/Unreal Projects/DeadWhispers/Content/Assets/Textures/Vegetation/T_Tree_01_Billboard_BaseColor.uasset" 420
"../../../../../../Users/pulls/Documents/Unreal Projects/DeadWhispers/Content/Assets/Textures/Vegetation/T_Tree_01_Billboard_Normal.uasset" 421
"../../../../../../Users/pulls/Documents/Unreal Projects/DeadWhispers/Content/Assets/Textures/Vegetation/T_Tree_01_Billboard_Subsurface.uasset" 422
"../../../../../../Users/pulls/Documents/Unreal Projects/DeadWhispers/Content/Assets/Materials/MI_Tree_01_Billboard.uasset" 423
"../../../../../../Users/pulls/Documents/Unreal Projects/DeadWhispers/Content/Assets/Materials/MF_BarkSet.uasset" 424
"../../../../../../Users/pulls/Documents/Unreal Projects/DeadWhispers/Content/Assets/Materials/MM_Bark.uasset" 425
"../../../../../../Users/pulls/Documents/Unreal Projects/DeadWhispers/Content/Assets/Textures/Vegetation/T_Bark_BaseColor.uasset" 426
"../../../../../../Users/pulls/Documents/Unreal Projects/DeadWhispers/Content/Assets/Textures/Vegetation/T_Bark_Normal.uasset" 427
"../../../../../../Users/pulls/Documents/Unreal Projects/DeadWhispers/Content/Assets/Materials/MI_Tree_Bark.uasset" 428
"../../../../../../Users/pulls/Documents/Unreal Projects/DeadWhispers/Content/Assets/Textures/Vegetation/T_Tree_01_Subsurface.uasset" 429
"../../../../../../Users/pulls/Documents/Unreal Projects/DeadWhispers/Content/Assets/Textures/Vegetation/T_Tree_BaseColor.uasset" 430
"../../../../../../Users/pulls/Documents/Unreal Projects/DeadWhispers/Content/Assets/Textures/Vegetation/T_Tree_Normal.uasset" 431
"../../../../../../Users/pulls/Documents/Unreal Projects/DeadWhispers/Content/Assets/Materials/MI_Tree_Fronds.uasset" 432
"../../../../../../Users/pulls/Documents/Unreal Projects/DeadWhispers/Content/Assets/Models/Vegetation/Trees/SM_Tree_01.uasset" 433
"../../../../../../Users/pulls/Documents/Unreal Projects/DeadWhispers/Content/Assets/Textures/Vegetation/T_Tree_02_Billboard_BaseColor.uasset" 434
"../../../../../../Users/pulls/Documents/Unreal Projects/DeadWhispers/Content/Assets/Textures/Vegetation/T_Tree_02_Billboard_Normal.uasset" 435
"../../../../../../Users/pulls/Documents/Unreal Projects/DeadWhispers/Content/Assets/Textures/Vegetation/T_Tree_02_Billboard_Subsurface.uasset" 436
"../../../../../../Users/pulls/Documents/Unreal Projects/DeadWhispers/Content/Assets/Materials/MI_Tree_02_Billboard.uasset" 437
"../../../../../../Users/pulls/Documents/Unreal Projects/DeadWhispers/Content/Assets/Models/Vegetation/Trees/SM_Tree_02.uasset" 438
"../../../../../../Users/pulls/Documents/Unreal Projects/DeadWhispers/Content/Assets/Textures/Vegetation/T_Tree_03_Billboard_BaseColor.uasset" 439
"../../../../../../Users/pulls/Documents/Unreal Projects/DeadWhispers/Content/Assets/Textures/Vegetation/T_Tree_03_Billboard_Normal.uasset" 440
"../../../../../../Users/pulls/Documents/Unreal Projects/DeadWhispers/Content/Assets/Textures/Vegetation/T_Tree_03_Billboard_Subsurface.uasset" 441
"../../../../../../Users/pulls/Documents/Unreal Projects/DeadWhispers/Content/Assets/Materials/MI_Tree_03_Billboard.uasset" 442
"../../../../../../Users/pulls/Documents/Unreal Projects/DeadWhispers/Content/Assets/Materials/MI_Tree_Leaf.uasset" 443
"../../../../../../Users/pulls/Documents/Unreal Projects/DeadWhispers/Content/Assets/Models/Vegetation/Trees/SM_Tree_03.uasset" 444
"../../../../../../Users/pulls/Documents/Unreal Projects/DeadWhispers/Content/Assets/Materials/MI_Tree_Branch.uasset" 445
"../../../../../../Users/pulls/Documents/Unreal Projects/DeadWhispers/Content/Assets/Textures/Vegetation/T_Tree_Dead_01_Billboard_BaseColor.uasset" 446
"../../../../../../Users/pulls/Documents/Unreal Projects/DeadWhispers/Content/Assets/Textures/Vegetation/T_Tree_Dead_01_Billboard_Normal.uasset" 447
"../../../../../../Users/pulls/Documents/Unreal Projects/DeadWhispers/Content/Assets/Textures/Vegetation/T_Tree_Dead_01_Billboard_Subsurface.uasset" 448
"../../../../../../Users/pulls/Documents/Unreal Projects/DeadWhispers/Content/Assets/Materials/MI_Tree_Dead_01_Billboard.uasset" 449
"../../../../../../Users/pulls/Documents/Unreal Projects/DeadWhispers/Content/Assets/Models/Vegetation/Trees/SM_Tree_Dead_01.uasset" 450
"../../../../../../Users/pulls/Documents/Unreal Projects/DeadWhispers/Content/Assets/Textures/Vegetation/T_Tree_Dead_02_Billboard_BaseColor.uasset" 451
"../../../../../../Users/pulls/Documents/Unreal Projects/DeadWhispers/Content/Assets/Textures/Vegetation/T_Tree_Dead_02_Billboard_Normal.uasset" 452
"../../../../../../Users/pulls/Documents/Unreal Projects/DeadWhispers/Content/Assets/Textures/Vegetation/T_Tree_Dead_02_Billboard_Subsurface.uasset" 453
"../../../../../../Users/pulls/Documents/Unreal Projects/DeadWhispers/Content/Assets/Materials/MI_Tree_Dead_02_Billboard.uasset" 454
"../../../../../../Users/pulls/Documents/Unreal Projects/DeadWhispers/Content/Assets/Models/Vegetation/Trees/SM_Tree_Dead_02.uasset" 455
"../../../../../../Users/pulls/Documents/Unreal Projects/DeadWhispers/Content/JamContent/MI_SubstanceMaster_Base.uasset" 456
"../../../../../../Users/pulls/Documents/Unreal Projects/DeadWhispers/Content/JamContent/T_Armchair_Cushion_BaseColor.uasset" 457
"../../../../../../Users/pulls/Documents/Unreal Projects/DeadWhispers/Content/JamContent/T_Armchair_Cushion_Normal.uasset" 458
"../../../../../../Users/pulls/Documents/Unreal Projects/DeadWhispers/Content/JamContent/T_Armchair_Cushion_OcclusionRoughnessMetallic.uasset" 459
"../../../../../../Users/pulls/Documents/Unreal Projects/DeadWhispers/Content/JamContent/MI_SubstanceMaster_Cushion.uasset" 460
"../../../../../../Users/pulls/Documents/Unreal Projects/DeadWhispers/Content/JamContent/T_Armchair_Knife_BaseColor.uasset" 461
"../../../../../../Users/pulls/Documents/Unreal Projects/DeadWhispers/Content/JamContent/T_Armchair_Knife_Normal.uasset" 462
"../../../../../../Users/pulls/Documents/Unreal Projects/DeadWhispers/Content/JamContent/T_Armchair_Knife_OcclusionRoughnessMetallic.uasset" 463
"../../../../../../Users/pulls/Documents/Unreal Projects/DeadWhispers/Content/JamContent/MI_SubstanceMaster_Knife.uasset" 464
"../../../../../../Users/pulls/Documents/Unreal Projects/DeadWhispers/Content/JamContent/T_Armchair_Metal_BaseColor.uasset" 465
"../../../../../../Users/pulls/Documents/Unreal Projects/DeadWhispers/Content/JamContent/T_Armchair_Metal_Normal.uasset" 466
"../../../../../../Users/pulls/Documents/Unreal Projects/DeadWhispers/Content/JamContent/T_Armchair_Metal_OcclusionRoughnessMetallic.uasset" 467
"../../../../../../Users/pulls/Documents/Unreal Projects/DeadWhispers/Content/JamContent/MI_SubstanceMaster_Metal.uasset" 468
"../../../../../../Users/pulls/Documents/Unreal Projects/DeadWhispers/Content/JamContent/SM_Armchair.uasset" 469
"../../../Engine/Content/Functions/Engine_MaterialFunctions02/Texturing/CustomRotator.uasset" 470
"../../../../../../Users/pulls/Documents/Unreal Projects/DeadWhispers/Content/MSPresets/MS_DefaultMaterial/Functions/MF_DetailNormalTiling.uasset" 471
"../../../Engine/Content/EngineResources/Black.uasset" 472
"../../../../../../Users/pulls/Documents/Unreal Projects/DeadWhispers/Content/MSPresets/MS_DefaultMaterial/Functions/MF_Transmission.uasset" 473
"../../../../../../Users/pulls/Documents/Unreal Projects/DeadWhispers/Content/MSPresets/MS_DefaultMaterial/Functions/MF_MapAdjustments.uasset" 474
"../../../../../../Users/pulls/Documents/Unreal Projects/DeadWhispers/Content/MSPresets/MS_DefaultMaterial/Functions/MF_Tiling.uasset" 475
"../../../Engine/Content/ArtTools/RenderToTexture/Textures/127grey.uasset" 476
"../../../Engine/Content/EngineMaterials/DefaultNormal.uasset" 477
"../../Plugins/2D/Paper2D/Content/PlaceholderTextures/FlatNormalMap.uasset" 478
"../../../../../../Users/pulls/Documents/Unreal Projects/DeadWhispers/Content/MSPresets/MS_DefaultMaterial/MS_DefaultMaterial.uasset" 479
"../../../../../../Users/pulls/Documents/Unreal Projects/DeadWhispers/Content/Megascans/3D_Assets/Cracked_Boulder_ujomfhrfa_3d/Albedo_4K_ujomfhrfa.uasset" 480
"../../../../../../Users/pulls/Documents/Unreal Projects/DeadWhispers/Content/Megascans/3D_Assets/Cracked_Boulder_ujomfhrfa_3d/Normal_4K_LOD0_ujomfhrfa.uasset" 481
"../../../../../../Users/pulls/Documents/Unreal Projects/DeadWhispers/Content/Megascans/3D_Assets/Cracked_Boulder_ujomfhrfa_3d/Roughness_4K_ujomfhrfa.uasset" 482
"../../../../../../Users/pulls/Documents/Unreal Projects/DeadWhispers/Content/Megascans/3D_Assets/Cracked_Boulder_ujomfhrfa_3d/Cracked_Boulder_ujomfhrfa_3d_inst.uasset" 483
"../../../../../../Users/pulls/Documents/Unreal Projects/DeadWhispers/Content/Megascans/3D_Assets/Cracked_Boulder_ujomfhrfa_3d/Cracked_Boulder_LOD0_ujomfhrfa.uasset" 484
"../../../../../../Users/pulls/Documents/Unreal Projects/DeadWhispers/Content/Sounds/Sound/SoundWaves/sound3.uasset" 485
"../../../../../../Users/pulls/Documents/Unreal Projects/DeadWhispers/Content/Sounds/Sound/sound3_Cue.uasset" 486
"../../../../../../Users/pulls/Documents/Unreal Projects/DeadWhispers/Content/Sounds/Sound/SoundWaves/sound4.uasset" 487
"../../../../../../Users/pulls/Documents/Unreal Projects/DeadWhispers/Content/Sounds/Sound/sound4_Cue.uasset" 488
"../../../../../../Users/pulls/Documents/Unreal Projects/DeadWhispers/Content/Sounds/Sound/SoundWaves/sound1.uasset" 489
"../../../../../../Users/pulls/Documents/Unreal Projects/DeadWhispers/Content/Sounds/Sound/SoundWaves/sound10_scream.uasset" 490
"../../../../../../Users/pulls/Documents/Unreal Projects/DeadWhispers/Content/Sounds/Sound/SoundWaves/sound11.uasset" 491
"../../../../../../Users/pulls/Documents/Unreal Projects/DeadWhispers/Content/Sounds/Sound/SoundWaves/sound12.uasset" 492
"../../../../../../Users/pulls/Documents/Unreal Projects/DeadWhispers/Content/Sounds/Sound/SoundWaves/sound2.uasset" 493
"../../../../../../Users/pulls/Documents/Unreal Projects/DeadWhispers/Content/Sounds/Sound/SoundWaves/sound5.uasset" 494
"../../../../../../Users/pulls/Documents/Unreal Projects/DeadWhispers/Content/Sounds/Sound/SoundWaves/sound6.uasset" 495
"../../../../../../Users/pulls/Documents/Unreal Projects/DeadWhispers/Content/Sounds/Sound/SoundWaves/sound8chris.uasset" 496
"../../../../../../Users/pulls/Documents/Unreal Projects/DeadWhispers/Content/Sounds/Sound/SoundWaves/sound8emily.uasset" 497
"../../../../../../Users/pulls/Documents/Unreal Projects/DeadWhispers/Content/Sounds/Sound/SoundWaves/sound9chris.uasset" 498
"../../../../../../Users/pulls/Documents/Unreal Projects/DeadWhispers/Content/Maps/Level_01.umap" 499
"../../../../../../Users/pulls/Documents/Unreal Projects/DeadWhispers/Content/Blueprint/Menu/Images/menu3.uasset" 500
"../../../../../../Users/pulls/Documents/Unreal Projects/DeadWhispers/Content/Blueprint/Menu/Widgets/FinalMenu.uasset" 501
"../../../../../../Users/pulls/Documents/Unreal Projects/DeadWhispers/Content/Blueprint/Menu/Level/FinishLevel.umap" 502
"../../../../../../Users/pulls/Documents/Unreal Projects/DeadWhispers/Content/Blueprint/Menu/Images/menu.uasset" 503
"../../../../../../Users/pulls/Documents/Unreal Projects/DeadWhispers/Content/Blueprint/Menu/Widgets/Credits.uasset" 504
"../../../../../../Users/pulls/Documents/Unreal Projects/DeadWhispers/Content/Sounds/MainMenu/MainMenuSoudWaves/butonclick1.uasset" 505
"../../../../../../Users/pulls/Documents/Unreal Projects/DeadWhispers/Content/Sounds/MainMenu/MainMenuSoudWaves/butonclick2.uasset" 506
"../../../../../../Users/pulls/Documents/Unreal Projects/DeadWhispers/Content/Sounds/MainMenu/MainMenuSoudWaves/butonclick3.uasset" 507
"../../../../../../Users/pulls/Documents/Unreal Projects/DeadWhispers/Content/Sounds/MainMenu/MainMenuSoudWaves/butonhover1.uasset" 508
"../../../../../../Users/pulls/Documents/Unreal Projects/DeadWhispers/Content/Sounds/MainMenu/MainMenuSoudWaves/butonhover2.uasset" 509
"../../../../../../Users/pulls/Documents/Unreal Projects/DeadWhispers/Content/Sounds/MainMenu/MainMenuSoudWaves/butonhover3.uasset" 510
"../../../../../../Users/pulls/Documents/Unreal Projects/DeadWhispers/Content/Blueprint/Menu/Widgets/MainMenu.uasset" 511
"../../../../../../Users/pulls/Documents/Unreal Projects/DeadWhispers/Content/Blueprint/Menu/Level/MainMenuMap.umap" 512
"../../../Engine/Content/Maps/Entry_BuiltData.uasset" 513
"../../../Engine/Content/Maps/Entry.umap" 514
